<?xml version="1.0" encoding="UTF-8"?>
<testsuite name="first.train.sandbox.EquationTests" tests="6" skipped="0" failures="0" errors="0" timestamp="2019-04-06T15:45:44" hostname="AcerOZh" time="0.053">
  <properties/>
  <testcase name="test0" classname="first.train.sandbox.EquationTests" time="0.022"/>
  <testcase name="test1" classname="first.train.sandbox.EquationTests" time="0.0"/>
  <testcase name="test2" classname="first.train.sandbox.EquationTests" time="0.0"/>
  <testcase name="testConstant" classname="first.train.sandbox.EquationTests" time="0.0"/>
  <testcase name="testLinear" classname="first.train.sandbox.EquationTests" time="0.0"/>
  <testcase name="testZero" classname="first.train.sandbox.EquationTests" time="0.0"/>
  <system-out><![CDATA[]]></system-out>
  <system-err><![CDATA[]]></system-err>
</testsuite>
